MIF/HEX Update report for skeleton
Wed Dec 05 19:57:44 2018
Quartus Prime Version 17.1.0 Build 590 10/25/2017 SJ Lite Edition


---------------------
; Table of Contents ;
---------------------
  1. Legal Notice
  2. MIF/HEX Update Summary
  3. MIF/HEX Update Processed Files
  4. MIF/HEX Update Messages



----------------
; Legal Notice ;
----------------
Copyright (C) 2017  Intel Corporation. All rights reserved.
Your use of Intel Corporation's design tools, logic functions 
and other software and tools, and its AMPP partner logic 
functions, and any output files from any of the foregoing 
(including device programming or simulation files), and any 
associated documentation or information are expressly subject 
to the terms and conditions of the Intel Program License 
Subscription Agreement, the Intel Quartus Prime License Agreement,
the Intel FPGA IP License Agreement, or other applicable license
agreement, including, without limitation, that your use is for
the sole purpose of programming logic devices manufactured by
Intel and sold by Intel or its authorized distributors.  Please
refer to the applicable agreement for further details.



+---------------------------------------------------------------+
; MIF/HEX Update Summary                                        ;
+-----------------------+---------------------------------------+
; MIF/HEX Update Status ; Successful - Wed Dec 05 19:57:44 2018 ;
; Revision Name         ; skeleton                              ;
; Top-level Entity Name ; skeleton                              ;
; Family                ; Cyclone IV E                          ;
; Device                ; EP4CE115F29C7                         ;
+-----------------------+---------------------------------------+


+-------------------------------------------------------------------------------------+
; MIF/HEX Update Processed Files                                                      ;
+-------------------------------------------------------------------------------------+
; File Name                                                                           ;
+-------------------------------------------------------------------------------------+
; C:/Users/tn74/Documents/ECE350/Missiles/projectmain/charwidth=20__charheight=30.mif ;
; C:/Users/tn74/Documents/ECE350/Missiles/projectmain/mif_outputs/mips.mif            ;
; C:/Users/tn74/Documents/ECE350/Missiles/projectmain/screencharmap.mif               ;
; C:/Users/tn74/Documents/ECE350/Missiles/projectmain/typer_data.mif                  ;
; C:/Users/tn74/Documents/ECE350/Missiles/projectmain/typer_indexcolor.mif            ;
+-------------------------------------------------------------------------------------+


+-------------------------+
; MIF/HEX Update Messages ;
+-------------------------+
Info: *******************************************************************
Info: Running Quartus Prime MIF/HEX Update
    Info: Version 17.1.0 Build 590 10/25/2017 SJ Lite Edition
    Info: Processing started: Wed Dec 05 19:57:37 2018
Info: Command: quartus_cdb skeleton -c skeleton --update_mif
Warning (18236): Number of processors has not been specified which may cause overloading on shared machines.  Set the global assignment NUM_PARALLEL_PROCESSORS in your QSF to an appropriate value for best performance.
Warning (39023): Can't find Memory Initialization File index.mif -- skipped updates for this file
Warning (39023): Can't find Memory Initialization File index_logo.mif -- skipped updates for this file
Info (39024): Processed the following Memory Initialization File(s)
    Info (39025): Processed Memory Initialization File C:/Users/tn74/Documents/ECE350/Missiles/projectmain/charwidth=20__charheight=30.mif File: C:/Users/tn74/Documents/ECE350/Missiles/projectmain/charwidth=20__charheight=30.mif Line: 0
    Info (39025): Processed Memory Initialization File C:/Users/tn74/Documents/ECE350/Missiles/projectmain/mif_outputs/mips.mif File: C:/Users/tn74/Documents/ECE350/Missiles/projectmain/mif_outputs/mips.mif Line: 0
    Info (39025): Processed Memory Initialization File C:/Users/tn74/Documents/ECE350/Missiles/projectmain/screencharmap.mif File: C:/Users/tn74/Documents/ECE350/Missiles/projectmain/screencharmap.mif Line: 0
    Info (39025): Processed Memory Initialization File C:/Users/tn74/Documents/ECE350/Missiles/projectmain/typer_data.mif File: C:/Users/tn74/Documents/ECE350/Missiles/projectmain/typer_data.mif Line: 0
    Info (39025): Processed Memory Initialization File C:/Users/tn74/Documents/ECE350/Missiles/projectmain/typer_indexcolor.mif File: C:/Users/tn74/Documents/ECE350/Missiles/projectmain/typer_indexcolor.mif Line: 0
Info: Quartus Prime MIF/HEX Update was successful. 0 errors, 3 warnings
    Info: Peak virtual memory: 4867 megabytes
    Info: Processing ended: Wed Dec 05 19:57:44 2018
    Info: Elapsed time: 00:00:07
    Info: Total CPU time (on all processors): 00:00:07


