Flow report for skeleton
Tue Dec 04 16:25:15 2018
Quartus Prime Version 17.1.0 Build 590 10/25/2017 SJ Lite Edition


---------------------
; Table of Contents ;
---------------------
  1. Legal Notice
  2. Flow Summary
  3. Flow Settings
  4. Flow Non-Default Global Settings
  5. Flow Elapsed Time
  6. Flow OS Summary
  7. Flow Log
  8. Flow Messages
  9. Flow Suppressed Messages



----------------
; Legal Notice ;
----------------
Copyright (C) 2017  Intel Corporation. All rights reserved.
Your use of Intel Corporation's design tools, logic functions 
and other software and tools, and its AMPP partner logic 
functions, and any output files from any of the foregoing 
(including device programming or simulation files), and any 
associated documentation or information are expressly subject 
to the terms and conditions of the Intel Program License 
Subscription Agreement, the Intel Quartus Prime License Agreement,
the Intel FPGA IP License Agreement, or other applicable license
agreement, including, without limitation, that your use is for
the sole purpose of programming logic devices manufactured by
Intel and sold by Intel or its authorized distributors.  Please
refer to the applicable agreement for further details.



+----------------------------------------------------------------------------------+
; Flow Summary                                                                     ;
+------------------------------------+---------------------------------------------+
; Flow Status                        ; Successful - Tue Dec 04 16:25:15 2018       ;
; Quartus Prime Version              ; 17.1.0 Build 590 10/25/2017 SJ Lite Edition ;
; Revision Name                      ; skeleton                                    ;
; Top-level Entity Name              ; screencharacter_mif_writer                  ;
; Family                             ; Cyclone IV E                                ;
; Device                             ; EP4CE115F29C7                               ;
; Timing Models                      ; Final                                       ;
; Total logic elements               ; 5,101 / 114,480 ( 4 % )                     ;
;     Total combinational functions  ; 5,093 / 114,480 ( 4 % )                     ;
;     Dedicated logic registers      ; 85 / 114,480 ( < 1 % )                      ;
; Total registers                    ; 85                                          ;
; Total pins                         ; 436 / 529 ( 82 % )                          ;
; Total virtual pins                 ; 0                                           ;
; Total memory bits                  ; 2,048 / 3,981,312 ( < 1 % )                 ;
; Embedded Multiplier 9-bit elements ; 0 / 532 ( 0 % )                             ;
; Total PLLs                         ; 0 / 4 ( 0 % )                               ;
+------------------------------------+---------------------------------------------+


+-----------------------------------------+
; Flow Settings                           ;
+-------------------+---------------------+
; Option            ; Setting             ;
+-------------------+---------------------+
; Start date & time ; 12/04/2018 16:24:01 ;
; Main task         ; Compilation         ;
; Revision Name     ; skeleton            ;
+-------------------+---------------------+


+--------------------------------------------------------------------------------------------------------------------------------------------+
; Flow Non-Default Global Settings                                                                                                           ;
+-------------------------------------+----------------------------------------+---------------+----------------------------+----------------+
; Assignment Name                     ; Value                                  ; Default Value ; Entity Name                ; Section Id     ;
+-------------------------------------+----------------------------------------+---------------+----------------------------+----------------+
; COMPILER_SIGNATURE_ID               ; 154946507248360.154395864112276        ; --            ; --                         ; --             ;
; EDA_OUTPUT_DATA_FORMAT              ; Verilog Hdl                            ; --            ; --                         ; eda_simulation ;
; EDA_SIMULATION_TOOL                 ; ModelSim-Altera (Verilog)              ; <None>        ; --                         ; --             ;
; MAX_CORE_JUNCTION_TEMP              ; 85                                     ; --            ; --                         ; --             ;
; MIN_CORE_JUNCTION_TEMP              ; 0                                      ; --            ; --                         ; --             ;
; MISC_FILE                           ; pll.bsf                                ; --            ; --                         ; --             ;
; MISC_FILE                           ; pll.cmp                                ; --            ; --                         ; --             ;
; MISC_FILE                           ; pll.ppf                                ; --            ; --                         ; --             ;
; MISC_FILE                           ; imem_inst.v                            ; --            ; --                         ; --             ;
; MISC_FILE                           ; imem.cmp                               ; --            ; --                         ; --             ;
; MISC_FILE                           ; dmem_inst.v                            ; --            ; --                         ; --             ;
; MISC_FILE                           ; dmem.cmp                               ; --            ; --                         ; --             ;
; MISC_FILE                           ; character_data_bb.v                    ; --            ; --                         ; --             ;
; MISC_FILE                           ; monitor_index_bb.v                     ; --            ; --                         ; --             ;
; MISC_FILE                           ; monitor_color_bb.v                     ; --            ; --                         ; --             ;
; MISC_FILE                           ; screenchar_mem_bb.v                    ; --            ; --                         ; --             ;
; NOMINAL_CORE_SUPPLY_VOLTAGE         ; 1.2V                                   ; --            ; --                         ; --             ;
; PARTITION_COLOR                     ; -- (Not supported for targeted family) ; --            ; screencharacter_mif_writer ; Top            ;
; PARTITION_FITTER_PRESERVATION_LEVEL ; -- (Not supported for targeted family) ; --            ; screencharacter_mif_writer ; Top            ;
; PARTITION_NETLIST_TYPE              ; -- (Not supported for targeted family) ; --            ; screencharacter_mif_writer ; Top            ;
; POWER_BOARD_THERMAL_MODEL           ; None (CONSERVATIVE)                    ; --            ; --                         ; --             ;
; POWER_PRESET_COOLING_SOLUTION       ; 23 MM HEAT SINK WITH 200 LFPM AIRFLOW  ; --            ; --                         ; --             ;
; PROJECT_OUTPUT_DIRECTORY            ; output_files                           ; --            ; --                         ; --             ;
; TOP_LEVEL_ENTITY                    ; screencharacter_mif_writer             ; skeleton      ; --                         ; --             ;
+-------------------------------------+----------------------------------------+---------------+----------------------------+----------------+


+-------------------------------------------------------------------------------------------------------------------------------+
; Flow Elapsed Time                                                                                                             ;
+---------------------------+--------------+-------------------------+---------------------+------------------------------------+
; Module Name               ; Elapsed Time ; Average Processors Used ; Peak Virtual Memory ; Total CPU Time (on all processors) ;
+---------------------------+--------------+-------------------------+---------------------+------------------------------------+
; Analysis & Synthesis      ; 00:00:14     ; 1.0                     ; 4834 MB             ; 00:00:24                           ;
; Fitter                    ; 00:00:29     ; 1.0                     ; 5740 MB             ; 00:00:43                           ;
; Assembler                 ; 00:00:03     ; 1.0                     ; 4715 MB             ; 00:00:03                           ;
; TimeQuest Timing Analyzer ; 00:00:02     ; 1.1                     ; 4885 MB             ; 00:00:03                           ;
; EDA Netlist Writer        ; 00:00:04     ; 1.0                     ; 4703 MB             ; 00:00:04                           ;
; EDA Netlist Writer        ; 00:00:01     ; 1.0                     ; 4669 MB             ; 00:00:01                           ;
; EDA Netlist Writer        ; 00:00:02     ; 1.0                     ; 4681 MB             ; 00:00:02                           ;
; Total                     ; 00:00:55     ; --                      ; --                  ; 00:01:20                           ;
+---------------------------+--------------+-------------------------+---------------------+------------------------------------+


+-----------------------------------------------------------------------------------------+
; Flow OS Summary                                                                         ;
+---------------------------+------------------+------------+------------+----------------+
; Module Name               ; Machine Hostname ; OS Name    ; OS Version ; Processor type ;
+---------------------------+------------------+------------+------------+----------------+
; Analysis & Synthesis      ; 202a-pc08        ; Windows 10 ; 10.0       ; x86_64         ;
; Fitter                    ; 202a-pc08        ; Windows 10 ; 10.0       ; x86_64         ;
; Assembler                 ; 202a-pc08        ; Windows 10 ; 10.0       ; x86_64         ;
; TimeQuest Timing Analyzer ; 202a-pc08        ; Windows 10 ; 10.0       ; x86_64         ;
; EDA Netlist Writer        ; 202a-pc08        ; Windows 10 ; 10.0       ; x86_64         ;
; EDA Netlist Writer        ; 202a-pc08        ; Windows 10 ; 10.0       ; x86_64         ;
; EDA Netlist Writer        ; 202a-pc08        ; Windows 10 ; 10.0       ; x86_64         ;
+---------------------------+------------------+------------+------------+----------------+


------------
; Flow Log ;
------------
quartus_map --read_settings_files=on --write_settings_files=off skeleton -c skeleton
quartus_fit --read_settings_files=off --write_settings_files=off skeleton -c skeleton
quartus_asm --read_settings_files=off --write_settings_files=off skeleton -c skeleton
quartus_sta skeleton -c skeleton
quartus_eda --read_settings_files=off --write_settings_files=off skeleton -c skeleton
quartus_eda --gen_testbench --tool=modelsim_oem --format=verilog --write_settings_files=off skeleton -c skeleton --vector_source=C:/Users/tn74/Documents/ECE350/Missiles/projectmain/Waveform9.vwf --testbench_file=C:/Users/tn74/Documents/ECE350/Missiles/projectmain/simulation/qsim/Waveform9.vwf.vt
quartus_eda --write_settings_files=off --simulation=on --functional=on --flatten_buses=off --tool=modelsim_oem --format=verilog --output_directory=C:/Users/tn74/Documents/ECE350/Missiles/projectmain/simulation/qsim/ skeleton -c skeleton



